::1 - - [24/Feb/2021:02:00:10 +0000] "GET / HTTP/1.1" 304 - "-" "Mozilla/5.0 (Windows NT 10.0; Win64; x64) AppleWebKit/537.36 (KHTML, like Gecko) Chrome/88.0.4324.182 Safari/537.36"
::1 - - [24/Feb/2021:02:00:22 +0000] "GET / HTTP/1.1" 304 - "-" "Mozilla/5.0 (Windows NT 10.0; Win64; x64) AppleWebKit/537.36 (KHTML, like Gecko) Chrome/88.0.4324.182 Safari/537.36"
::1 - - [24/Feb/2021:05:56:51 +0000] "GET / HTTP/1.1" 304 - "-" "Mozilla/5.0 (Windows NT 10.0; Win64; x64) AppleWebKit/537.36 (KHTML, like Gecko) Chrome/88.0.4324.182 Safari/537.36"
::1 - - [24/Feb/2021:05:56:51 +0000] "GET /favicon.ico HTTP/1.1" 404 150 "http://localhost:9900/" "Mozilla/5.0 (Windows NT 10.0; Win64; x64) AppleWebKit/537.36 (KHTML, like Gecko) Chrome/88.0.4324.182 Safari/537.36"
::1 - - [24/Feb/2021:18:30:53 +0000] "GET / HTTP/1.1" 304 - "-" "Mozilla/5.0 (Windows NT 10.0; Win64; x64) AppleWebKit/537.36 (KHTML, like Gecko) Chrome/88.0.4324.182 Safari/537.36"
::1 - - [24/Feb/2021:18:30:53 +0000] "GET /favicon.ico HTTP/1.1" 404 150 "http://localhost:9900/" "Mozilla/5.0 (Windows NT 10.0; Win64; x64) AppleWebKit/537.36 (KHTML, like Gecko) Chrome/88.0.4324.182 Safari/537.36"
::1 - - [24/Feb/2021:18:34:19 +0000] "GET /product HTTP/1.1" 404 146 "-" "PostmanRuntime/7.26.10"
::1 - - [24/Feb/2021:18:34:30 +0000] "GET / HTTP/1.1" 200 2 "-" "PostmanRuntime/7.26.10"
::1 - - [24/Feb/2021:18:34:58 +0000] "GET / HTTP/1.1" 200 2 "-" "PostmanRuntime/7.26.10"
::1 - - [24/Feb/2021:18:35:04 +0000] "GET / HTTP/1.1" 200 2 "-" "PostmanRuntime/7.26.10"
::1 - - [24/Feb/2021:18:39:24 +0000] "GET / HTTP/1.1" 200 2 "-" "PostmanRuntime/7.26.10"
::1 - - [24/Feb/2021:18:43:07 +0000] "POST /products HTTP/1.1" 200 12 "-" "PostmanRuntime/7.26.10"
::1 - - [24/Feb/2021:18:43:30 +0000] "GET / HTTP/1.1" 200 432 "-" "PostmanRuntime/7.26.10"
::1 - - [24/Feb/2021:18:44:48 +0000] "POST /products HTTP/1.1" 200 420 "-" "PostmanRuntime/7.26.10"
::1 - - [24/Feb/2021:18:45:07 +0000] "POST /products HTTP/1.1" 200 420 "-" "PostmanRuntime/7.26.10"
::1 - - [24/Feb/2021:18:45:32 +0000] "POST /products HTTP/1.1" 200 410 "-" "PostmanRuntime/7.26.10"
::1 - - [24/Feb/2021:18:45:48 +0000] "POST /products HTTP/1.1" 200 426 "-" "PostmanRuntime/7.26.10"
::1 - - [24/Feb/2021:18:46:02 +0000] "POST /products HTTP/1.1" 200 423 "-" "PostmanRuntime/7.26.10"
::1 - - [24/Feb/2021:18:46:07 +0000] "GET / HTTP/1.1" 200 2536 "-" "PostmanRuntime/7.26.10"
::1 - - [24/Feb/2021:18:46:33 +0000] "GET / HTTP/1.1" 200 2536 "-" "Mozilla/5.0 (Windows NT 10.0; Win64; x64) AppleWebKit/537.36 (KHTML, like Gecko) Chrome/88.0.4324.182 Safari/537.36"
::1 - - [24/Feb/2021:18:49:50 +0000] "POST /products HTTP/1.1" 200 399 "-" "PostmanRuntime/7.26.10"
::1 - - [24/Feb/2021:18:50:27 +0000] "GET / HTTP/1.1" 200 2936 "-" "PostmanRuntime/7.26.10"
::1 - - [24/Feb/2021:18:50:38 +0000] "DELETE /products/M07kyFriq HTTP/1.1" 200 14 "-" "PostmanRuntime/7.26.10"
::1 - - [24/Feb/2021:18:50:43 +0000] "GET / HTTP/1.1" 200 2936 "-" "PostmanRuntime/7.26.10"
::1 - - [24/Feb/2021:18:50:57 +0000] "GET / HTTP/1.1" 200 2936 "-" "PostmanRuntime/7.26.10"
::1 - - [24/Feb/2021:18:52:10 +0000] "GET / HTTP/1.1" 200 2936 "-" "Mozilla/5.0 (Windows NT 10.0; Win64; x64) AppleWebKit/537.36 (KHTML, like Gecko) Chrome/88.0.4324.182 Safari/537.36"
::1 - - [24/Feb/2021:18:53:11 +0000] "DELETE /products/M07kyFriq HTTP/1.1" 200 14 "-" "PostmanRuntime/7.26.10"
::1 - - [24/Feb/2021:18:53:16 +0000] "GET / HTTP/1.1" 200 2936 "-" "PostmanRuntime/7.26.10"
::1 - - [24/Feb/2021:18:53:28 +0000] "DELETE /products/M07kyFriq HTTP/1.1" 200 14 "-" "PostmanRuntime/7.26.10"
::1 - - [24/Feb/2021:18:55:46 +0000] "DELETE /products/M07kyFriq HTTP/1.1" 500 2010 "-" "PostmanRuntime/7.26.10"
::1 - - [24/Feb/2021:18:57:28 +0000] "DELETE /products/M07kyFriq HTTP/1.1" 500 2007 "-" "PostmanRuntime/7.26.10"
::1 - - [24/Feb/2021:18:58:02 +0000] "DELETE /products/M07kyFriq HTTP/1.1" 500 2007 "-" "PostmanRuntime/7.26.10"
::1 - - [24/Feb/2021:19:00:04 +0000] "DELETE /products/M07kyFriq HTTP/1.1" 500 2502 "-" "PostmanRuntime/7.26.10"
::1 - - [24/Feb/2021:19:02:00 +0000] "GET / HTTP/1.1" 304 - "-" "Mozilla/5.0 (Windows NT 10.0; Win64; x64) AppleWebKit/537.36 (KHTML, like Gecko) Chrome/88.0.4324.182 Safari/537.36"
::1 - - [24/Feb/2021:19:09:42 +0000] "DELETE /products/M07kyFriq HTTP/1.1" 200 399 "-" "PostmanRuntime/7.26.10"
::1 - - [24/Feb/2021:19:09:51 +0000] "GET / HTTP/1.1" 200 2536 "-" "PostmanRuntime/7.26.10"
::1 - - [24/Feb/2021:19:10:14 +0000] "POST /products HTTP/1.1" 200 399 "-" "PostmanRuntime/7.26.10"
::1 - - [24/Feb/2021:19:10:19 +0000] "GET / HTTP/1.1" 200 2936 "-" "PostmanRuntime/7.26.10"
::1 - - [24/Feb/2021:19:10:34 +0000] "DELETE /products/Z1tfRVhQv HTTP/1.1" 200 399 "-" "PostmanRuntime/7.26.10"
::1 - - [24/Feb/2021:19:10:39 +0000] "GET / HTTP/1.1" 200 2536 "-" "PostmanRuntime/7.26.10"
